[LOG] System::create                           : Header version = 2.02.15. Current version = 2.02.15.
[LOG] Manager::init                            : maxchannels = 256 studioflags = 00000006 flags 00000000 extradriverdata 0000000000000000.
[LOG] SystemI::init                            : Initialize version=20215 (134211), maxchannels=256, flags=0x00020000
[LOG] SystemI::setOutputInternal               : Setting output to 'FMOD WASAPI Output'
[LOG] OutputWASAPI::init                       : Mix Format (WAVEFORMATEX): wFormatTag=0xFFFE, nChannels=2, nSamplesPerSec=48000, nAvgBytesPerSec=384000, nBlockAlign=8, wBitsPerSample=32, cbSize=22.
[LOG] OutputWASAPI::init                       : Mix Format (WAVEFORMATEXTENSIBLE): wValidBitsPerSample=32, dwChannelMask=0x00000003, SubFormat=00000003-0000-0010-8000-00AA00389B71.
[LOG] OutputWASAPI::init                       : Output buffer size: 4096 samples, latency: 0.00ms, period: 10.00ms, DSP buffer: 1024 * 4
[LOG] Thread::initThread                       : Init FMOD stream thread. Affinity: 0x4000000000000003, Priority: 0xFFFF7FFB, Stack Size: 98304, Semaphore: No, Sleep Time: 10, Looping: Yes.
[LOG] Thread::initThread                       : Init FMOD mixer thread. Affinity: 0x4000000000000001, Priority: 0xFFFF7FFA, Stack Size: 81920, Semaphore: No, Sleep Time: 0, Looping: Yes.
[LOG] AsyncManager::init                       : manager 000001BC5416CE08 isAsync 0 updatePeriod 0.02
[LOG] AsyncManager::init                       : done
[LOG] PlaybackSystem::init                     : 
[LOG] Thread::initThread                       : Init FMOD Studio sample load thread. Affinity: 0x4000000000000003, Priority: 0xFFFF7FFD, Stack Size: 98304, Semaphore: No, Sleep Time: 1, Looping: No.
[LOG] PlaybackSystem::init                     : done
[LOG] Thread::initThread                       : Init FMOD Studio bank load thread. Affinity: 0x4000000000000003, Priority: 0xFFFF7FFD, Stack Size: 98304, Semaphore: No, Sleep Time: 1, Looping: No.
[LOG] Manager::init                            : done.
[LOG] Manager::readBank                        : fileversion = 142, compatVersion = 140 (oldest = 44, newest = 142)
[LOG] Manager::readBank                        : fileversion = 142, compatVersion = 140 (oldest = 44, newest = 142)
[LOG] Manager::readBank                        : fileversion = 142, compatVersion = 140 (oldest = 44, newest = 142)
[LOG] PlaybackSystem::acquireMasterBus         : Setting master channel group format to 6
[LOG] SoundI::release                          :  (000001B92B10C648)
[LOG] SoundI::release                          :     p_sad-002 (000001BCEBB94028)
[LOG] SoundI::release                          :  (000001B92B185018)
[LOG] SoundI::release                          :     p_sad-003 (000001BCEBB93808)
[LOG] SoundI::release                          :  (000001B92FE20C18)
[LOG] SoundI::release                          :     p_sad-004 (000001BCDFC90648)
[LOG] SoundI::release                          :  (000001BC667445D8)
[LOG] SoundI::release                          :     p_sad-005 (000001BCDFC90E68)
[LOG] SoundI::release                          :  (000001BC667452C8)
[LOG] SoundI::release                          :     p_sad-006 (000001BCDFC8E428)
[LOG] SoundI::release                          :  (000001B92B10CD78)
[LOG] SoundI::release                          :     p_sad-007 (000001BCDFC8F7A8)
[LOG] SoundI::release                          :  (000001B92FE204E8)
[LOG] SoundI::release                          :     p_sad-008 (000001BCD9AF67D8)
[LOG] SoundI::release                          :  (000001B92B10C4D8)
[LOG] SoundI::release                          :     p_sad-009 (000001BCEBB91AC8)
[LOG] SoundI::release                          :  (000001BC66744D08)
[LOG] SoundI::release                          :     p_sad-010 (000001BCDFC90B28)
[LOG] SoundI::release                          :  (000001BC66744A28)
[LOG] SoundI::release                          :     wipe_broom-001 (000001BCDFC8DDA8)
[LOG] SoundI::release                          :  (000001B92B10C928)
[LOG] SoundI::release                          :     wipe_broom-002 (000001BCEBB93E88)
[LOG] SoundI::release                          :  (000001BC66745158)
[LOG] SoundI::release                          :     wipe_broom-003 (000001BCDFC8FAE8)
[LOG] SoundI::release                          :  (000001B92B10C1F8)
[LOG] SoundI::release                          :     wipe_broom-004 (000001BCEBB97428)
[LOG] SoundI::release                          :  (000001B92B10CC08)
[LOG] SoundI::release                          :     wipe_broom-005 (000001BCDFC8E768)
[LOG] SoundI::release                          :  (000001BC66744E78)
[LOG] SoundI::release                          :     wipe_broom-006 (000001BCDFC90308)
[LOG] SoundI::release                          :  (000001B92FE20D88)
[LOG] SoundI::release                          :     wipe_broom-007 (000001BCD9AF6638)
[LOG] SoundI::release                          :  (000001B92FE20098)
[LOG] SoundI::release                          :     wipe_broom-008 (000001BCDFC8E908)
[LOG] SoundI::release                          :  (000001B92B10CA98)
[LOG] SoundI::release                          :     wipe_broom-009 (000001BCDFC90168)
[LOG] SoundI::release                          :  (000001B92B185468)
[LOG] SoundI::release                          :     Mop (000001BCEBB97908)
[LOG] SoundI::release                          :  (000001B92B10C7B8)
[LOG] SoundI::release                          :     wipe_meca-001 (000001BCEBB91FA8)
[LOG] SoundI::release                          :  (000001B92FE207C8)
[LOG] SoundI::release                          :     wipe_meca-002 (000001BCD9AF3A58)
[LOG] SoundI::release                          :  (000001BCDFDD4CC8)
[LOG] SoundI::release                          :     wipe_meca-003 (000001BCD9AF48F8)
[LOG] SoundI::release                          :  (000001B92FE20938)
[LOG] SoundI::release                          :     wipe_meca-004 (000001BCDFC8DA68)
[LOG] SoundI::release                          :  (000001BCDFDD4148)
[LOG] SoundI::release                          :     wipe_meca-005 (000001BCD9AF5E18)
[LOG] SoundI::release                          :  (000001B92FE20208)
[LOG] SoundI::release                          :     wipe_meca-006 (000001BCD9AF4A98)
[LOG] SoundI::release                          :  (000001B92FE20658)
[LOG] SoundI::release                          :     wipe_meca-007 (000001BCD9AF3718)
[LOG] SoundI::release                          :  (000001BC66744B98)
[LOG] SoundI::release                          :     wipe_glasse-001 (000001BCDFC8D248)
[LOG] SoundI::release                          :  (000001BCDFDD4598)
[LOG] SoundI::release                          :     wipe_glasse-002 (000001BCD9AF4418)
[LOG] SoundI::release                          :  (000001B92FE20AA8)
[LOG] SoundI::release                          :     wipe_glasse-003 (000001BCDFC8EAA8)
[LOG] SoundI::release                          :  (000001B92B184EA8)
[LOG] SoundI::release                          :     wipe_glasse-004 (000001BCEBB96588)
[LOG] SoundI::release                          :  (000001B92B184D38)
[LOG] SoundI::release                          :     wipe_glasse-005 (000001BCEBB94368)
[LOG] SoundI::release                          :  (000001B92B184778)
[LOG] SoundI::release                          :     wipe_glasse-006 (000001BCEBB92488)
[LOG] SoundI::release                          :  (000001BC667448B8)
[LOG] SoundI::release                          :     wipe_glasse-007 (000001BCDFC8D0A8)
[LOG] SoundI::release                          :  (000001B92FE20378)
[LOG] SoundI::release                          :     wipe_glasse-008 (000001BCD9AF3098)
[LOG] SoundI::release                          :  (000001BC66744748)
[LOG] SoundI::release                          :     wipe_glasse-009 (000001BCDFC90CC8)
[LOG] SoundI::release                          :  (000001B92B10C088)
[LOG] SoundI::release                          :     wipe_glasse-010 (000001BCDFC90988)
[LOG] SoundI::release                          :  (000001B92B1852F8)
[LOG] SoundI::release                          :     wipe_glasse-011 (000001BCEBB92CA8)
[LOG] SoundI::release                          :  (000001BC66744FE8)
[LOG] SoundI::release                          :     wipe_glasse-012 (000001BCDFC8F128)
[LOG] SoundI::release                          :  (000001BC7207F708)
[LOG] SoundI::release                          :     p_jump-001 (000001B92FF3AA48)
[LOG] SoundI::release                          :  (000001BC7207F878)
[LOG] SoundI::release                          :     p_jump-002 (000001B92FF3A568)
[LOG] SoundI::release                          :  (000001BC2F5620C8)
[LOG] SoundI::release                          :     p_jump-003 (000001BC611628B8)
[LOG] SoundI::release                          :  (000001BC2F562DB8)
[LOG] SoundI::release                          :     p_jump-004 (000001BC61162578)
[LOG] SoundI::release                          :  (000001B93054C4F8)
[LOG] SoundI::release                          :     p_jump-005 (000001B92AEA3FE8)
[LOG] SoundI::release                          :  (000001B93054C668)
[LOG] SoundI::release                          :     p_jump-006 (000001B92AEA3B08)
[LOG] SoundI::release                          :  (000001BC2F562968)
[LOG] SoundI::release                          :     p_jump-007 (000001BC53BE6988)
[LOG] SoundI::release                          :  (000001B93054C7D8)
[LOG] SoundI::release                          :     p_jump-008 (000001BC6DA068B8)
[LOG] SoundI::release                          :  (000001BC2F5623A8)
[LOG] SoundI::release                          :     p_jump-009 (000001BC61163278)
[LOG] SoundI::release                          :  (000001BC2F562518)
[LOG] SoundI::release                          :     p_jump-010 (000001BC611610B8)
[LOG] SoundI::release                          :  (000001B93054C388)
[LOG] SoundI::release                          :     p_jump-011 (000001BC6DA06238)
[LOG] SoundI::release                          :  (000001B93054CD98)
[LOG] SoundI::release                          :     p_jump-012 (000001BC6DA06D98)
[LOG] SoundI::release                          :  (000001BC2F562238)
[LOG] SoundI::release                          :     p_jump-013 (000001BC61162D98)
[LOG] SoundI::release                          :  (000001B93054C948)
[LOG] SoundI::release                          :     p_jump-014 (000001BC6DA06098)
[LOG] SoundI::release                          :  (000001BC65B4E088)
[LOG] SoundI::release                          :     coin_8bit-003 (000001BC66907D28)
[LOG] SoundI::release                          :  (000001B9350DC058)
[LOG] SoundI::release                          :     coin_8bit-001 (000001BC669069A8)
[LOG] SoundI::release                          :  (000001BCD9B1DDA8)
[LOG] SoundI::release                          :     coin_8bit-002 (000001BC6CB62098)
[LOG] SoundI::release                          :  (000001BCD9B1DF18)
[LOG] SoundI::release                          :     coin_8bit-004 (000001BC6CB62578)
[LOG] SoundI::release                          :  (000001BCD9B1D678)
[LOG] SoundI::release                          :     coin_8bit-005 (000001BC6CB62A58)
[LOG] SoundI::release                          :  (000001B9350DC1C8)
[LOG] SoundI::release                          :     coin_8bit-006 (000001BC66907028)
[LOG] SoundI::release                          :  (000001BC65B4EA98)
[LOG] SoundI::release                          :     coin_ding-001 (000001BC60361DF8)
[LOG] SoundI::release                          :  (000001BC65B4ED78)
[LOG] SoundI::release                          :     coin_ding-002 (000001B92FF3C8C8)
[LOG] SoundI::release                          :  (000001BC65B4EC08)
[LOG] SoundI::release                          :     coin_ding-003 (000001BC60361C58)
[LOG] SoundI::release                          :  (000001B9350DBD78)
[LOG] SoundI::release                          :     coin_put_bass-001 (000001BC66906E88)
[LOG] SoundI::release                          :  (000001BC65B4E4D8)
[LOG] SoundI::release                          :     coin_put_bass-002 (000001BC669076A8)
[LOG] SoundI::release                          :  (000001BC65B4E648)
[LOG] SoundI::release                          :     coin_put_bass-003 (000001B92FF3C0A8)
[LOG] SoundI::release                          :  (000001BC65B4E7B8)
[LOG] SoundI::release                          :     Coin_Bag-001 (000001BC60361F98)
[LOG] SoundI::release                          :  (000001BB5F41E668)
[LOG] SoundI::release                          :     Coin_Bag-003 (000001BC66907368)
[LOG] SoundI::release                          :  (000001BCD9B1E088)
[LOG] SoundI::release                          :     Coin_Bag-002 (000001BC60361918)
[LOG] SoundI::release                          :  (000001BC65B4E928)
[LOG] SoundI::release                          :     Coin_put-001 (000001BC66908208)
[LOG] SoundI::release                          :  (000001BC65B4E1F8)
[LOG] SoundI::release                          :     Coin_put-002 (000001BC60361AB8)
[LOG] SoundI::release                          :  (000001BC65B4E368)
[LOG] SoundI::release                          :     Coin_put-003 (000001BC66907508)
[LOG] SoundI::release                          :  (000001BC60AF7458)
[LOG] SoundI::release                          :     p_laugh-001 (000001BCD9AF5118)
[LOG] SoundI::release                          :  (000001BC60AF6D28)
[LOG] SoundI::release                          :     p_laugh-002 (000001BCD9AF4DD8)
[LOG] SoundI::release                          :  (000001BCDFDD49E8)
[LOG] SoundI::release                          :     p_laugh-003 (000001BCD9AF3238)
[LOG] SoundI::release                          :  (000001BCDFDD42B8)
[LOG] SoundI::release                          :     p_laugh-004 (000001BCD9AF4C38)
[LOG] SoundI::release                          :  (000001BCDFDD4E38)
[LOG] SoundI::release                          :     p_laugh-005 (000001BCD9AF45B8)
[LOG] SoundI::release                          :  (000001BCDFDD4428)
[LOG] SoundI::release                          :     p_laugh-006 (000001BCD9AF3578)
[LOG] SoundI::release                          :  (000001BCDFDD4878)
[LOG] SoundI::release                          :     p_laugh-007 (000001BCD9AF5938)
[LOG] SoundI::release                          :  (000001BC2F56B0E8)
[LOG] SoundI::release                          :     p_laugh-008 (000001BCD9AF6CB8)
[LOG] SoundI::release                          :  (000001BCDFDD4B58)
[LOG] SoundI::release                          :     victory (000001BCD9AF6978)
[LOG] SoundI::release                          :  (000001BCDFDD4708)
[LOG] SoundI::release                          :     Bass[85] D Snowfall (000001BCD9AF40D8)
[LOG] SoundI::release                          :  (000001BC60AF7178)
[LOG] SoundI::release                          :     clock (000001BCD9AF55F8)
[LOG] Thread::callback                         : FMOD Studio update thread finished.
[LOG] Thread::callback                         : FMOD Studio bank load thread finished.
[LOG] Profile::disconnectAll                   : Profiler disconnecting all clients
[LOG] Thread::callback                         : FMOD Studio sample load thread finished.
[LOG] LiveUpdate::release                      : 
[LOG] LiveUpdate::reset                        : Reset connection (reason Disconnected)
[LOG] Thread::callback                         : FMOD stream thread finished.
[LOG] Thread::callback                         : FMOD mixer thread finished.
[LOG] Profile::disconnectAll                   : Profiler disconnecting all clients
[LOG] SystemI::close                           : Closed.
[LOG] Thread::callback                         : FMOD Studio bank load thread finished.
[LOG] Thread::callback                         : FMOD Studio sample load thread finished.
[LOG] LiveUpdate::release                      : 
[LOG] LiveUpdate::reset                        : Reset connection (reason Disconnected)
[LOG] Thread::callback                         : FMOD stream thread finished.
[LOG] Thread::callback                         : FMOD mixer thread finished.
[LOG] SystemI::close                           : Closed.
[LOG] Thread::callback                         : FMOD nonblocking thread (0) finished.
[LOG] Thread::callback                         : FMOD file thread finished.
